  123.c
e:\我爱学习\vs c\project4\project4\123.c(12): error C2143: 语法错误: 缺少“)”(在“&”的前面)
e:\我爱学习\vs c\project4\project4\123.c(12): error C2143: 语法错误: 缺少“{”(在“&”的前面)
e:\我爱学习\vs c\project4\project4\123.c(12): error C2059: 语法错误:“&”
e:\我爱学习\vs c\project4\project4\123.c(12): error C2059: 语法错误:“)”
e:\我爱学习\vs c\project4\project4\123.c(19): error C2143: 语法错误: 缺少“)”(在“&”的前面)
e:\我爱学习\vs c\project4\project4\123.c(19): error C2143: 语法错误: 缺少“{”(在“&”的前面)
e:\我爱学习\vs c\project4\project4\123.c(19): error C2059: 语法错误:“&”
e:\我爱学习\vs c\project4\project4\123.c(19): error C2059: 语法错误:“)”
e:\我爱学习\vs c\project4\project4\123.c(53): error C2143: 语法错误: 缺少“)”(在“&”的前面)
e:\我爱学习\vs c\project4\project4\123.c(53): error C2143: 语法错误: 缺少“{”(在“&”的前面)
e:\我爱学习\vs c\project4\project4\123.c(53): error C2059: 语法错误:“&”
e:\我爱学习\vs c\project4\project4\123.c(53): error C2059: 语法错误:“)”
e:\我爱学习\vs c\project4\project4\123.c(72): error C2143: 语法错误: 缺少“)”(在“&”的前面)
e:\我爱学习\vs c\project4\project4\123.c(72): error C2143: 语法错误: 缺少“{”(在“&”的前面)
e:\我爱学习\vs c\project4\project4\123.c(72): error C2059: 语法错误:“&”
e:\我爱学习\vs c\project4\project4\123.c(72): error C2059: 语法错误:“)”
e:\我爱学习\vs c\project4\project4\123.c(84): error C2143: 语法错误: 缺少“)”(在“&”的前面)
e:\我爱学习\vs c\project4\project4\123.c(84): error C2143: 语法错误: 缺少“{”(在“&”的前面)
e:\我爱学习\vs c\project4\project4\123.c(84): error C2059: 语法错误:“&”
e:\我爱学习\vs c\project4\project4\123.c(84): error C2059: 语法错误:“)”
e:\我爱学习\vs c\project4\project4\123.c(100): warning C4013: “InitList”未定义；假设外部返回 int
e:\我爱学习\vs c\project4\project4\123.c(104): warning C4013: “CreateList”未定义；假设外部返回 int
e:\我爱学习\vs c\project4\project4\123.c(112): warning C4013: “GetElem”未定义；假设外部返回 int
e:\我爱学习\vs c\project4\project4\123.c(120): warning C4013: “ListInsert”未定义；假设外部返回 int
e:\我爱学习\vs c\project4\project4\123.c(124): warning C4013: “ListDelete”未定义；假设外部返回 int
e:\我爱学习\vs c\project4\project4\123.c(115): warning C4996: 'scanf': This function or variable may be unsafe. Consider using scanf_s instead. To disable deprecation, use _CRT_SECURE_NO_WARNINGS. See online help for details.
  c:\program files (x86)\windows kits\10\include\10.0.17134.0\ucrt\stdio.h(1274): note: 参见“scanf”的声明
e:\我爱学习\vs c\project4\project4\123.c(118): warning C4996: 'scanf': This function or variable may be unsafe. Consider using scanf_s instead. To disable deprecation, use _CRT_SECURE_NO_WARNINGS. See online help for details.
  c:\program files (x86)\windows kits\10\include\10.0.17134.0\ucrt\stdio.h(1274): note: 参见“scanf”的声明
